2018/03/24 - 03:15:08 -	::1 -	Anónimo -	Entrando en /JAWS/funciones/controlador.php -> ?accion=login&email=inspiracle@inspiracle.es&clave=Inspira2U7cle7XL[POST]
2018/03/24 - 03:16:15 -	::1 -	Anónimo -	Entrando en /JAWS/funciones/controlador.php -> ?accion=login&email=inspiracle@inspiracle.es&clave=Inspira2U7cle7XL[POST]
2018/03/24 - 03:17:30 -	::1 -	Anónimo -	Entrando en /JAWS/funciones/controlador.php -> ?accion=login&email=inspiracle@inspiracle.es&clave=Inspira2U7cle7XL[POST]
2018/03/24 - 03:17:34 -	::1 -	Anónimo -	Entrando en /JAWS/funciones/controlador.php -> ?accion=login&email=inspiracle@inspiracle.es&clave=Inspira2U7cle7XL[POST]
2018/03/24 - 03:19:19 -	::1 -	Anónimo -	Entrando en /JAWS/funciones/controlador.php -> ?accion=login&email=inspiracle@inspiracle.es&clave=Inspira2U7cle7XL[POST]
2018/03/24 - 03:21:04 -	::1 -	Anónimo -	Entrando en /JAWS/funciones/controlador.php -> ?accion=login&email=inspiracle@inspiracle.es&clave=Inspira2U7cle7XL[POST]
2018/03/24 - 03:21:05 -	::1 -	inspiracle@inspiracle.es -	Entra como administrador
2018/03/24 - 03:21:05 -	::1 -	inspiracle@inspiracle.es -	Entrando en /JAWS/perfiles.php[GET]
2018/03/24 - 03:21:05 -	::1 -	inspiracle@inspiracle.es -	Entrando en /JAWS/ajax/cargaPerfiles.php -> filtroUsuariosAdmin=1&filtroCursosAdmin=0[GET]
2018/03/24 - 03:52:28 -	::1 -	inspiracle@inspiracle.es -	Entrando en /JAWS/funciones/controlador.php[GET]
2018/03/24 - 03:52:31 -	::1 -	inspiracle@inspiracle.es -	Entrando en /JAWS/[GET]
2018/03/24 - 03:52:35 -	::1 -	inspiracle@inspiracle.es -	Entrando en /JAWS/[GET]
2018/03/24 - 03:59:25 -	::1 -	inspiracle@inspiracle.es -	Entrando en /JAWS/clases/pdfViewer/[GET]
2018/03/24 - 04:02:54 -	::1 -	inspiracle@inspiracle.es -	Entrando en /JAWS/clases/pdfViewer/[GET]
2018/03/24 - 04:04:08 -	::1 -	inspiracle@inspiracle.es -	Entrando en /JAWS/clases/pdfViewer/[GET]
2018/03/24 - 04:04:38 -	::1 -	inspiracle@inspiracle.es -	Entrando en /JAWS/clases/pdfViewer/[GET]
2018/03/24 - 04:05:01 -	::1 -	inspiracle@inspiracle.es -	Entrando en /JAWS/clases/pdfViewer/[GET]
2018/03/24 - 04:06:32 -	::1 -	Anónimo -	Entrando en /JAWS/[GET]
2018/03/24 - 04:07:00 -	::1 -	Anónimo -	Entrando en /JAWS/funciones/controlador.php -> ?accion=login&email=inspiracle@inspiracle.es&clave=Inspira2U7cle7XL[POST]
2018/03/24 - 04:07:10 -	::1 -	inspiracle@inspiracle.es -	Entra como administrador
2018/03/24 - 04:07:10 -	::1 -	inspiracle@inspiracle.es -	Entrando en /JAWS/perfiles.php[GET]
2018/03/24 - 04:07:11 -	::1 -	inspiracle@inspiracle.es -	Entrando en /JAWS/ajax/cargaPerfiles.php -> filtroUsuariosAdmin=1&filtroCursosAdmin=0[GET]
2018/03/24 - 04:09:05 -	::1 -	inspiracle@inspiracle.es -	Entrando en /JAWS/clases/pdfViewer/[GET]
2018/03/24 - 04:09:16 -	::1 -	inspiracle@inspiracle.es -	Entrando en /JAWS/ajax/pdfViewerAnnotation.php -> ?action=test[POST]
2018/03/24 - 04:11:24 -	::1 -	inspiracle@inspiracle.es -	Entrando en /JAWS/clases/pdfViewer/[GET]
2018/03/24 - 04:11:24 -	::1 -	inspiracle@inspiracle.es -	Entrando en /JAWS/ajax/pdfViewerAnnotation.php -> ?action=test[POST]
2018/03/24 - 04:13:13 -	::1 -	inspiracle@inspiracle.es -	Entrando en /JAWS/ajax/pdfViewerAnnotation.php -> ?action=test[POST]
2018/03/24 - 04:13:54 -	::1 -	inspiracle@inspiracle.es -	Entrando en /JAWS/ajax/pdfViewerAnnotation.php -> ?action=test[POST]
2018/03/24 - 04:17:07 -	::1 -	inspiracle@inspiracle.es -	Entrando en /JAWS/ajax/pdfViewerAnnotation.php -> ?action=test[POST]
2018/03/24 - 04:20:09 -	::1 -	inspiracle@inspiracle.es -	Entrando en /JAWS/ajax/pdfViewerAnnotation.php -> ?action=test[POST]
2018/03/24 - 04:20:17 -	::1 -	inspiracle@inspiracle.es -	Entrando en /JAWS/clases/pdfViewer/[GET]
2018/03/24 - 04:20:21 -	::1 -	inspiracle@inspiracle.es -	Entrando en /JAWS/clases/pdfViewer/[GET]
2018/03/24 - 04:20:32 -	::1 -	inspiracle@inspiracle.es -	Entrando en /JAWS/ajax/pdfViewerAnnotation.php -> ?action=test[POST]
2018/03/24 - 04:22:09 -	::1 -	inspiracle@inspiracle.es -	Entrando en /JAWS/clases/pdfViewer/[GET]
2018/03/24 - 04:22:12 -	::1 -	inspiracle@inspiracle.es -	Entrando en /JAWS/ajax/pdfViewerAnnotation.php -> ?action=test[POST]
2018/03/24 - 04:26:16 -	::1 -	inspiracle@inspiracle.es -	Entrando en /JAWS/clases/pdfViewer/[GET]
2018/03/24 - 04:26:53 -	::1 -	inspiracle@inspiracle.es -	Entrando en /JAWS/ajax/pdfViewerAnnotation.php -> ?action=test&item=Array[POST]
2018/03/24 - 04:29:30 -	::1 -	inspiracle@inspiracle.es -	Entrando en /JAWS/clases/pdfViewer/[GET]
2018/03/24 - 04:29:34 -	::1 -	inspiracle@inspiracle.es -	Entrando en /JAWS/ajax/pdfViewerAnnotation.php -> ?action=test&item=Array[POST]
2018/03/24 - 04:40:46 -	::1 -	inspiracle@inspiracle.es -	Entrando en /JAWS/clases/pdfViewer/[GET]
2018/03/24 - 04:40:48 -	::1 -	inspiracle@inspiracle.es -	Entrando en /JAWS/ajax/pdfViewerAnnotation.php -> ?action=test&item=Array[POST]
2018/03/24 - 04:47:54 -	::1 -	inspiracle@inspiracle.es -	Entrando en /JAWS/clases/pdfViewer/[GET]
2018/03/24 - 04:47:56 -	::1 -	inspiracle@inspiracle.es -	Entrando en /JAWS/ajax/pdfViewerAnnotation.php -> ?action=test&item=Array[POST]
2018/03/24 - 04:49:25 -	::1 -	inspiracle@inspiracle.es -	Entrando en /JAWS/ajax/pdfViewerAnnotation.php -> ?action=test&item=Array[POST]
2018/03/24 - 04:50:00 -	::1 -	inspiracle@inspiracle.es -	Entrando en /JAWS/ajax/pdfViewerAnnotation.php -> ?action=test&item=Array[POST]
2018/03/24 - 04:53:10 -	::1 -	inspiracle@inspiracle.es -	Entrando en /JAWS/ajax/pdfViewerAnnotation.php -> ?action=test&item=Array[POST]
2018/03/24 - 04:54:14 -	::1 -	inspiracle@inspiracle.es -	Entrando en /JAWS/ajax/pdfViewerAnnotation.php -> ?action=test&item=Array[POST]
2018/03/24 - 04:54:17 -	::1 -	inspiracle@inspiracle.es -	Entrando en /JAWS/clases/pdfViewer/[GET]
2018/03/24 - 04:54:20 -	::1 -	inspiracle@inspiracle.es -	Entrando en /JAWS/ajax/pdfViewerAnnotation.php -> ?action=test&item=Array[POST]
2018/03/24 - 05:14:55 -	::1 -	inspiracle@inspiracle.es -	Entrando en /JAWS/ajax/pdfViewerAnnotation.php -> ?action=test&item=Array[POST]
2018/03/24 - 05:18:17 -	::1 -	inspiracle@inspiracle.es -	Entrando en /JAWS/ajax/pdfViewerAnnotation.php -> ?action=test&item=Array[POST]
2018/03/24 - 05:29:41 -	::1 -	inspiracle@inspiracle.es -	Entrando en /JAWS/ajax/pdfViewerAnnotation.php -> ?action=test&item=Array[POST]
2018/03/24 - 05:30:57 -	::1 -	inspiracle@inspiracle.es -	Entrando en /JAWS/ajax/pdfViewerAnnotation.php -> ?action=test&item=Array[POST]
2018/03/24 - 05:31:33 -	::1 -	inspiracle@inspiracle.es -	Entrando en /JAWS/ajax/pdfViewerAnnotation.php -> ?action=test&item=Array[POST]
